<?xml version="1.0" encoding="UTF-8"?>
<!-- Generated by org.testng.reporters.JUnitReportReporter -->
<testsuite hostname="DESKTOP-253G644" failures="0" tests="1" name="com.api.runners.CucumberAPIRunner" time="3.855" errors="0" timestamp="2025-10-06T18:49:41 IST" skipped="0">
  <testcase classname="com.api.runners.CucumberAPIRunner" name="runScenario" time="3.855"/>
</testsuite> <!-- com.api.runners.CucumberAPIRunner -->
